  OpenCVApplication.cpp
c:\users\lilla\documents\visual studio 2015\projects\prs\opencvapplication-vs2017_ocv340_basic\opencvapplication.cpp(428): warning C4244: 'argument': conversion from 'float' to 'int', possible loss of data
c:\users\lilla\documents\visual studio 2015\projects\prs\opencvapplication-vs2017_ocv340_basic\opencvapplication.cpp(429): warning C4244: 'argument': conversion from 'float' to 'int', possible loss of data
c:\users\lilla\documents\visual studio 2015\projects\prs\opencvapplication-vs2017_ocv340_basic\opencvapplication.cpp(430): warning C4244: 'argument': conversion from 'float' to 'int', possible loss of data
c:\users\lilla\documents\visual studio 2015\projects\prs\opencvapplication-vs2017_ocv340_basic\opencvapplication.cpp(463): warning C4244: '=': conversion from 'double' to 'float', possible loss of data
c:\users\lilla\documents\visual studio 2015\projects\prs\opencvapplication-vs2017_ocv340_basic\opencvapplication.cpp(482): warning C4244: 'argument': conversion from 'float' to 'int', possible loss of data
c:\users\lilla\documents\visual studio 2015\projects\prs\opencvapplication-vs2017_ocv340_basic\opencvapplication.cpp(483): warning C4244: 'argument': conversion from 'float' to 'int', possible loss of data
c:\users\lilla\documents\visual studio 2015\projects\prs\opencvapplication-vs2017_ocv340_basic\opencvapplication.cpp(484): warning C4244: 'argument': conversion from 'float' to 'int', possible loss of data
c:\users\lilla\documents\visual studio 2015\projects\prs\opencvapplication-vs2017_ocv340_basic\opencvapplication.cpp(485): warning C4244: 'argument': conversion from 'float' to 'int', possible loss of data
c:\users\lilla\documents\visual studio 2015\projects\prs\opencvapplication-vs2017_ocv340_basic\opencvapplication.cpp(572): warning C4244: 'argument': conversion from 'time_t' to 'unsigned int', possible loss of data
c:\users\lilla\documents\visual studio 2015\projects\prs\opencvapplication-vs2017_ocv340_basic\opencvapplication.cpp(617): warning C4244: '=': conversion from 'double' to 'float', possible loss of data
c:\users\lilla\documents\visual studio 2015\projects\prs\opencvapplication-vs2017_ocv340_basic\opencvapplication.cpp(651): warning C4244: 'argument': conversion from 'time_t' to 'unsigned int', possible loss of data
c:\users\lilla\documents\visual studio 2015\projects\prs\opencvapplication-vs2017_ocv340_basic\opencvapplication.cpp(662): warning C4244: 'argument': conversion from 'double' to 'int', possible loss of data
c:\users\lilla\documents\visual studio 2015\projects\prs\opencvapplication-vs2017_ocv340_basic\opencvapplication.cpp(680): warning C4244: 'initializing': conversion from 'double' to 'int', possible loss of data
c:\users\lilla\documents\visual studio 2015\projects\prs\opencvapplication-vs2017_ocv340_basic\opencvapplication.cpp(729): warning C4244: '=': conversion from 'double' to 'int', possible loss of data
c:\users\lilla\documents\visual studio 2015\projects\prs\opencvapplication-vs2017_ocv340_basic\opencvapplication.cpp(732): warning C4244: '=': conversion from 'double' to 'int', possible loss of data
c:\users\lilla\documents\visual studio 2015\projects\prs\opencvapplication-vs2017_ocv340_basic\opencvapplication.cpp(800): warning C4305: 'argument': truncation from 'double' to 'float'
  OpenCVApplication.vcxproj -> C:\Users\Lilla\Documents\Visual Studio 2015\Projects\PRS\OpenCVApplication-VS2017_OCV340_basic\x64\Debug\OpenCVApplication.exe
  OpenCVApplication.vcxproj -> C:\Users\Lilla\Documents\Visual Studio 2015\Projects\PRS\OpenCVApplication-VS2017_OCV340_basic\x64\Debug\OpenCVApplication.pdb (Full PDB)
  OpenCV\dll\Debug\opencv_ffmpeg340_64.dll
  OpenCV\dll\Debug\opencv_world340d.dll
          2 file(s) copied.
